# JRE version: Java(TM) SE Runtime Environment (8.0_152-b16) (build 1.8.0_152-b16)
# Java VM: Java HotSpot(TM) 64-Bit Server VM (25.152-b16 mixed mode windows-amd64 compressed oops)
Heap:
 PSYoungGen      total 209920K, used 209890K [0x00000000d5a00000, 0x00000000f1500000, 0x0000000100000000)
  eden space 96256K, 100% used [0x00000000d5a00000,0x00000000db800000,0x00000000db800000)
  from space 113664K, 99% used [0x00000000e4680000,0x00000000eb578a88,0x00000000eb580000)
  to   space 145920K, 2% used [0x00000000db800000,0x00000000dbb08000,0x00000000e4680000)
 ParOldGen       total 436736K, used 307904K [0x0000000080e00000, 0x000000009b880000, 0x00000000d5a00000)
  object space 436736K, 70% used [0x0000000080e00000,0x0000000093ab0370,0x000000009b880000)
 Metaspace       used 7274K, capacity 7976K, committed 8320K, reserved 1056768K
  class space    used 930K, capacity 1035K, committed 1152K, reserved 1048576K
GC Heap History (10 events):
Event: 2.310 GC heap after
Heap after GC invocations=5 (full 1):
 PSYoungGen      total 102400K, used 5120K [0x00000000d5a00000, 0x00000000de600000, 0x0000000100000000)
  eden space 97280K, 0% used [0x00000000d5a00000,0x00000000d5a00000,0x00000000db900000)
  from space 5120K, 100% used [0x00000000de100000,0x00000000de600000,0x00000000de600000)
  to   space 5120K, 0% used [0x00000000ddc00000,0x00000000ddc00000,0x00000000de100000)
 ParOldGen       total 199680K, used 149644K [0x0000000080e00000, 0x000000008d100000, 0x00000000d5a00000)
  object space 199680K, 74% used [0x0000000080e00000,0x000000008a0231d0,0x000000008d100000)
 Metaspace       used 7274K, capacity 7976K, committed 8320K, reserved 1056768K
  class space    used 930K, capacity 1035K, committed 1152K, reserved 1048576K
}
Event: 2.310 GC heap before
{Heap before GC invocations=6 (full 2):
 PSYoungGen      total 102400K, used 5120K [0x00000000d5a00000, 0x00000000de600000, 0x0000000100000000)
  eden space 97280K, 0% used [0x00000000d5a00000,0x00000000d5a00000,0x00000000db900000)
  from space 5120K, 100% used [0x00000000de100000,0x00000000de600000,0x00000000de600000)
  to   space 5120K, 0% used [0x00000000ddc00000,0x00000000ddc00000,0x00000000de100000)
 ParOldGen       total 199680K, used 149644K [0x0000000080e00000, 0x000000008d100000, 0x00000000d5a00000)
  object space 199680K, 74% used [0x0000000080e00000,0x000000008a0231d0,0x000000008d100000)
 Metaspace       used 7274K, capacity 7976K, committed 8320K, reserved 1056768K
  class space    used 930K, capacity 1035K, committed 1152K, reserved 1048576K
Event: 3.020 GC heap after
Heap after GC invocations=6 (full 2):
 PSYoungGen      total 102400K, used 0K [0x00000000d5a00000, 0x00000000de600000, 0x0000000100000000)
  eden space 97280K, 0% used [0x00000000d5a00000,0x00000000d5a00000,0x00000000db900000)
  from space 5120K, 0% used [0x00000000de100000,0x00000000de100000,0x00000000de600000)
  to   space 5120K, 0% used [0x00000000ddc00000,0x00000000ddc00000,0x00000000de100000)
 ParOldGen       total 300032K, used 138574K [0x0000000080e00000, 0x0000000093300000, 0x00000000d5a00000)
  object space 300032K, 46% used [0x0000000080e00000,0x0000000089553aa0,0x0000000093300000)
 Metaspace       used 7274K, capacity 7976K, committed 8320K, reserved 1056768K
  class space    used 930K, capacity 1035K, committed 1152K, reserved 1048576K
}
Event: 3.079 GC heap before
{Heap before GC invocations=7 (full 2):
 PSYoungGen      total 102400K, used 97280K [0x00000000d5a00000, 0x00000000de600000, 0x0000000100000000)
  eden space 97280K, 100% used [0x00000000d5a00000,0x00000000db900000,0x00000000db900000)
  from space 5120K, 0% used [0x00000000de100000,0x00000000de100000,0x00000000de600000)
  to   space 5120K, 0% used [0x00000000ddc00000,0x00000000ddc00000,0x00000000de100000)
 ParOldGen       total 300032K, used 138574K [0x0000000080e00000, 0x0000000093300000, 0x00000000d5a00000)
  object space 300032K, 46% used [0x0000000080e00000,0x0000000089553aa0,0x0000000093300000)
 Metaspace       used 7274K, capacity 7976K, committed 8320K, reserved 1056768K
  class space    used 930K, capacity 1035K, committed 1152K, reserved 1048576K
Event: 3.211 GC heap after
Heap after GC invocations=7 (full 2):
 PSYoungGen      total 133632K, used 5120K [0x00000000d5a00000, 0x00000000eb580000, 0x0000000100000000)
  eden space 128512K, 0% used [0x00000000d5a00000,0x00000000d5a00000,0x00000000dd780000)
  from space 5120K, 100% used [0x00000000ddc00000,0x00000000de100000,0x00000000de100000)
  to   space 113664K, 0% used [0x00000000e4680000,0x00000000e4680000,0x00000000eb580000)
 ParOldGen       total 300032K, used 230973K [0x0000000080e00000, 0x0000000093300000, 0x00000000d5a00000)
  object space 300032K, 76% used [0x0000000080e00000,0x000000008ef8f700,0x0000000093300000)
 Metaspace       used 7274K, capacity 7976K, committed 8320K, reserved 1056768K
  class space    used 930K, capacity 1035K, committed 1152K, reserved 1048576K
}
Event: 3.211 GC heap before
{Heap before GC invocations=8 (full 3):
 PSYoungGen      total 133632K, used 5120K [0x00000000d5a00000, 0x00000000eb580000, 0x0000000100000000)
  eden space 128512K, 0% used [0x00000000d5a00000,0x00000000d5a00000,0x00000000dd780000)
  from space 5120K, 100% used [0x00000000ddc00000,0x00000000de100000,0x00000000de100000)
  to   space 113664K, 0% used [0x00000000e4680000,0x00000000e4680000,0x00000000eb580000)
 ParOldGen       total 300032K, used 230973K [0x0000000080e00000, 0x0000000093300000, 0x00000000d5a00000)
  object space 300032K, 76% used [0x0000000080e00000,0x000000008ef8f700,0x0000000093300000)
 Metaspace       used 7274K, capacity 7976K, committed 8320K, reserved 1056768K
  class space    used 930K, capacity 1035K, committed 1152K, reserved 1048576K
Event: 4.530 GC heap after
Heap after GC invocations=8 (full 3):
 PSYoungGen      total 133632K, used 0K [0x00000000d5a00000, 0x00000000eb580000, 0x0000000100000000)
  eden space 128512K, 0% used [0x00000000d5a00000,0x00000000d5a00000,0x00000000dd780000)
  from space 5120K, 0% used [0x00000000ddc00000,0x00000000ddc00000,0x00000000de100000)
  to   space 113664K, 0% used [0x00000000e4680000,0x00000000e4680000,0x00000000eb580000)
 ParOldGen       total 436736K, used 211772K [0x0000000080e00000, 0x000000009b880000, 0x00000000d5a00000)
  object space 436736K, 48% used [0x0000000080e00000,0x000000008dccf3a8,0x000000009b880000)
 Metaspace       used 7274K, capacity 7976K, committed 8320K, reserved 1056768K
  class space    used 930K, capacity 1035K, committed 1152K, reserved 1048576K
}
Event: 4.620 GC heap before
{Heap before GC invocations=9 (full 3):
 PSYoungGen      total 133632K, used 128512K [0x00000000d5a00000, 0x00000000eb580000, 0x0000000100000000)
  eden space 128512K, 100% used [0x00000000d5a00000,0x00000000dd780000,0x00000000dd780000)
  from space 5120K, 0% used [0x00000000ddc00000,0x00000000ddc00000,0x00000000de100000)
  to   space 113664K, 0% used [0x00000000e4680000,0x00000000e4680000,0x00000000eb580000)
 ParOldGen       total 436736K, used 211772K [0x0000000080e00000, 0x000000009b880000, 0x00000000d5a00000)
  object space 436736K, 48% used [0x0000000080e00000,0x000000008dccf3a8,0x000000009b880000)
 Metaspace       used 7274K, capacity 7976K, committed 8320K, reserved 1056768K
  class space    used 930K, capacity 1035K, committed 1152K, reserved 1048576K
Event: 4.763 GC heap after
Heap after GC invocations=9 (full 3):
 PSYoungGen      total 209920K, used 113634K [0x00000000d5a00000, 0x00000000f1500000, 0x0000000100000000)
  eden space 96256K, 0% used [0x00000000d5a00000,0x00000000d5a00000,0x00000000db800000)
  from space 113664K, 99% used [0x00000000e4680000,0x00000000eb578a88,0x00000000eb580000)
  to   space 145920K, 0% used [0x00000000db800000,0x00000000db800000,0x00000000e4680000)
 ParOldGen       total 436736K, used 226780K [0x0000000080e00000, 0x000000009b880000, 0x00000000d5a00000)
  object space 436736K, 51% used [0x0000000080e00000,0x000000008eb773a8,0x000000009b880000)
 Metaspace       used 7274K, capacity 7976K, committed 8320K, reserved 1056768K
  class space    used 930K, capacity 1035K, committed 1152K, reserved 1048576K
}
Event: 4.941 GC heap before
{Heap before GC invocations=10 (full 3):
 PSYoungGen      total 209920K, used 209890K [0x00000000d5a00000, 0x00000000f1500000, 0x0000000100000000)
  eden space 96256K, 100% used [0x00000000d5a00000,0x00000000db800000,0x00000000db800000)
  from space 113664K, 99% used [0x00000000e4680000,0x00000000eb578a88,0x00000000eb580000)
  to   space 145920K, 0% used [0x00000000db800000,0x00000000db800000,0x00000000e4680000)
 ParOldGen       total 436736K, used 307904K [0x0000000080e00000, 0x000000009b880000, 0x00000000d5a00000)
  object space 436736K, 70% used [0x0000000080e00000,0x0000000093ab0370,0x000000009b880000)
 Metaspace       used 7274K, capacity 7976K, committed 8320K, reserved 1056768K
  class space    used 930K, capacity 1035K, committed 1152K, reserved 1048576K

