# JRE version: Java(TM) SE Runtime Environment (8.0_152-b16) (build 1.8.0_152-b16)
# Java VM: Java HotSpot(TM) 64-Bit Server VM (25.152-b16 mixed mode windows-amd64 compressed oops)
Heap:
 PSYoungGen      total 332800K, used 283392K [0x00000000d5a00000, 0x00000000f9000000, 0x0000000100000000)
  eden space 105984K, 100% used [0x00000000d5a00000,0x00000000dc180000,0x00000000dc180000)
  from space 226816K, 78% used [0x00000000ea380000,0x00000000f50c0000,0x00000000f8100000)
  to   space 231424K, 0% used [0x00000000dc180000,0x00000000dc180000,0x00000000ea380000)
 ParOldGen       total 1041920K, used 878010K [0x0000000080e00000, 0x00000000c0780000, 0x00000000d5a00000)
  object space 1041920K, 84% used [0x0000000080e00000,0x00000000b676ead8,0x00000000c0780000)
 Metaspace       used 7287K, capacity 7976K, committed 8320K, reserved 1056768K
  class space    used 932K, capacity 1035K, committed 1152K, reserved 1048576K
GC Heap History (10 events):
Event: 9.918 GC heap after
Heap after GC invocations=13 (full 4):
 PSYoungGen      total 302592K, used 141472K [0x00000000d5a00000, 0x00000000f7480000, 0x0000000100000000)
  eden space 71168K, 0% used [0x00000000d5a00000,0x00000000d5a00000,0x00000000d9f80000)
  from space 231424K, 61% used [0x00000000d9f80000,0x00000000e29a8000,0x00000000e8180000)
  to   space 231424K, 0% used [0x00000000e9280000,0x00000000e9280000,0x00000000f7480000)
 ParOldGen       total 727040K, used 561067K [0x0000000080e00000, 0x00000000ad400000, 0x00000000d5a00000)
  object space 727040K, 77% used [0x0000000080e00000,0x00000000a31eae70,0x00000000ad400000)
 Metaspace       used 7287K, capacity 7976K, committed 8320K, reserved 1056768K
  class space    used 932K, capacity 1035K, committed 1152K, reserved 1048576K
}
Event: 9.976 GC heap before
{Heap before GC invocations=14 (full 4):
 PSYoungGen      total 302592K, used 212640K [0x00000000d5a00000, 0x00000000f7480000, 0x0000000100000000)
  eden space 71168K, 100% used [0x00000000d5a00000,0x00000000d9f80000,0x00000000d9f80000)
  from space 231424K, 61% used [0x00000000d9f80000,0x00000000e29a8000,0x00000000e8180000)
  to   space 231424K, 0% used [0x00000000e9280000,0x00000000e9280000,0x00000000f7480000)
 ParOldGen       total 727040K, used 561067K [0x0000000080e00000, 0x00000000ad400000, 0x00000000d5a00000)
  object space 727040K, 77% used [0x0000000080e00000,0x00000000a31eae70,0x00000000ad400000)
 Metaspace       used 7287K, capacity 7976K, committed 8320K, reserved 1056768K
  class space    used 932K, capacity 1035K, committed 1152K, reserved 1048576K
Event: 10.430 GC heap after
Heap after GC invocations=14 (full 4):
 PSYoungGen      total 320000K, used 142080K [0x00000000d5a00000, 0x00000000f7980000, 0x0000000100000000)
  eden space 88576K, 0% used [0x00000000d5a00000,0x00000000d5a00000,0x00000000db080000)
  from space 231424K, 61% used [0x00000000e9280000,0x00000000f1d40000,0x00000000f7480000)
  to   space 231424K, 0% used [0x00000000db080000,0x00000000db080000,0x00000000e9280000)
 ParOldGen       total 727040K, used 631947K [0x0000000080e00000, 0x00000000ad400000, 0x00000000d5a00000)
  object space 727040K, 86% used [0x0000000080e00000,0x00000000a7722e70,0x00000000ad400000)
 Metaspace       used 7287K, capacity 7976K, committed 8320K, reserved 1056768K
  class space    used 932K, capacity 1035K, committed 1152K, reserved 1048576K
}
Event: 10.430 GC heap before
{Heap before GC invocations=15 (full 5):
 PSYoungGen      total 320000K, used 142080K [0x00000000d5a00000, 0x00000000f7980000, 0x0000000100000000)
  eden space 88576K, 0% used [0x00000000d5a00000,0x00000000d5a00000,0x00000000db080000)
  from space 231424K, 61% used [0x00000000e9280000,0x00000000f1d40000,0x00000000f7480000)
  to   space 231424K, 0% used [0x00000000db080000,0x00000000db080000,0x00000000e9280000)
 ParOldGen       total 727040K, used 631947K [0x0000000080e00000, 0x00000000ad400000, 0x00000000d5a00000)
  object space 727040K, 86% used [0x0000000080e00000,0x00000000a7722e70,0x00000000ad400000)
 Metaspace       used 7287K, capacity 7976K, committed 8320K, reserved 1056768K
  class space    used 932K, capacity 1035K, committed 1152K, reserved 1048576K
Event: 14.623 GC heap after
Heap after GC invocations=15 (full 5):
 PSYoungGen      total 320000K, used 0K [0x00000000d5a00000, 0x00000000f7980000, 0x0000000100000000)
  eden space 88576K, 0% used [0x00000000d5a00000,0x00000000d5a00000,0x00000000db080000)
  from space 231424K, 0% used [0x00000000e9280000,0x00000000e9280000,0x00000000f7480000)
  to   space 231424K, 0% used [0x00000000db080000,0x00000000db080000,0x00000000e9280000)
 ParOldGen       total 1041920K, used 692393K [0x0000000080e00000, 0x00000000c0780000, 0x00000000d5a00000)
  object space 1041920K, 66% used [0x0000000080e00000,0x00000000ab22a778,0x00000000c0780000)
 Metaspace       used 7287K, capacity 7976K, committed 8320K, reserved 1056768K
  class space    used 932K, capacity 1035K, committed 1152K, reserved 1048576K
}
Event: 14.778 GC heap before
{Heap before GC invocations=16 (full 5):
 PSYoungGen      total 320000K, used 88576K [0x00000000d5a00000, 0x00000000f7980000, 0x0000000100000000)
  eden space 88576K, 100% used [0x00000000d5a00000,0x00000000db080000,0x00000000db080000)
  from space 231424K, 0% used [0x00000000e9280000,0x00000000e9280000,0x00000000f7480000)
  to   space 231424K, 0% used [0x00000000db080000,0x00000000db080000,0x00000000e9280000)
 ParOldGen       total 1041920K, used 692393K [0x0000000080e00000, 0x00000000c0780000, 0x00000000d5a00000)
  object space 1041920K, 66% used [0x0000000080e00000,0x00000000ab22a778,0x00000000c0780000)
 Metaspace       used 7287K, capacity 7976K, committed 8320K, reserved 1056768K
  class space    used 932K, capacity 1035K, committed 1152K, reserved 1048576K
Event: 15.058 GC heap after
Heap after GC invocations=16 (full 5):
 PSYoungGen      total 320000K, used 88704K [0x00000000d5a00000, 0x00000000f8100000, 0x0000000100000000)
  eden space 88576K, 0% used [0x00000000d5a00000,0x00000000d5a00000,0x00000000db080000)
  from space 231424K, 38% used [0x00000000db080000,0x00000000e0720000,0x00000000e9280000)
  to   space 226816K, 0% used [0x00000000ea380000,0x00000000ea380000,0x00000000f8100000)
 ParOldGen       total 1041920K, used 692393K [0x0000000080e00000, 0x00000000c0780000, 0x00000000d5a00000)
  object space 1041920K, 66% used [0x0000000080e00000,0x00000000ab22a778,0x00000000c0780000)
 Metaspace       used 7287K, capacity 7976K, committed 8320K, reserved 1056768K
  class space    used 932K, capacity 1035K, committed 1152K, reserved 1048576K
}
Event: 15.295 GC heap before
{Heap before GC invocations=17 (full 5):
 PSYoungGen      total 320000K, used 177280K [0x00000000d5a00000, 0x00000000f8100000, 0x0000000100000000)
  eden space 88576K, 100% used [0x00000000d5a00000,0x00000000db080000,0x00000000db080000)
  from space 231424K, 38% used [0x00000000db080000,0x00000000e0720000,0x00000000e9280000)
  to   space 226816K, 0% used [0x00000000ea380000,0x00000000ea380000,0x00000000f8100000)
 ParOldGen       total 1041920K, used 874922K [0x0000000080e00000, 0x00000000c0780000, 0x00000000d5a00000)
  object space 1041920K, 83% used [0x0000000080e00000,0x00000000b646aad8,0x00000000c0780000)
 Metaspace       used 7287K, capacity 7976K, committed 8320K, reserved 1056768K
  class space    used 932K, capacity 1035K, committed 1152K, reserved 1048576K
Event: 16.716 GC heap after
Heap after GC invocations=17 (full 5):
 PSYoungGen      total 332800K, used 177408K [0x00000000d5a00000, 0x00000000f9000000, 0x0000000100000000)
  eden space 105984K, 0% used [0x00000000d5a00000,0x00000000d5a00000,0x00000000dc180000)
  from space 226816K, 78% used [0x00000000ea380000,0x00000000f50c0000,0x00000000f8100000)
  to   space 231424K, 0% used [0x00000000dc180000,0x00000000dc180000,0x00000000ea380000)
 ParOldGen       total 1041920K, used 874922K [0x0000000080e00000, 0x00000000c0780000, 0x00000000d5a00000)
  object space 1041920K, 83% used [0x0000000080e00000,0x00000000b646aad8,0x00000000c0780000)
 Metaspace       used 7287K, capacity 7976K, committed 8320K, reserved 1056768K
  class space    used 932K, capacity 1035K, committed 1152K, reserved 1048576K
}
Event: 16.853 GC heap before
{Heap before GC invocations=18 (full 5):
 PSYoungGen      total 332800K, used 283392K [0x00000000d5a00000, 0x00000000f9000000, 0x0000000100000000)
  eden space 105984K, 100% used [0x00000000d5a00000,0x00000000dc180000,0x00000000dc180000)
  from space 226816K, 78% used [0x00000000ea380000,0x00000000f50c0000,0x00000000f8100000)
  to   space 231424K, 0% used [0x00000000dc180000,0x00000000dc180000,0x00000000ea380000)
 ParOldGen       total 1041920K, used 874922K [0x0000000080e00000, 0x00000000c0780000, 0x00000000d5a00000)
  object space 1041920K, 83% used [0x0000000080e00000,0x00000000b646aad8,0x00000000c0780000)
 Metaspace       used 7287K, capacity 7976K, committed 8320K, reserved 1056768K
  class space    used 932K, capacity 1035K, committed 1152K, reserved 1048576K

