# JRE version: Java(TM) SE Runtime Environment (8.0_152-b16) (build 1.8.0_152-b16)
# Java VM: Java HotSpot(TM) 64-Bit Server VM (25.152-b16 mixed mode windows-amd64 compressed oops)
Heap:
 PSYoungGen      total 330240K, used 283392K [0x00000000d5a00000, 0x00000000f8f80000, 0x0000000100000000)
  eden space 104960K, 100% used [0x00000000d5a00000,0x00000000dc080000,0x00000000dc080000)
  from space 225280K, 79% used [0x00000000ea280000,0x00000000f50c0000,0x00000000f7e80000)
  to   space 231424K, 0% used [0x00000000dc080000,0x00000000dc080000,0x00000000ea280000)
 ParOldGen       total 1052672K, used 893602K [0x0000000080e00000, 0x00000000c1200000, 0x00000000d5a00000)
  object space 1052672K, 84% used [0x0000000080e00000,0x00000000b76a8a18,0x00000000c1200000)
 Metaspace       used 7271K, capacity 7976K, committed 8320K, reserved 1056768K
  class space    used 930K, capacity 1035K, committed 1152K, reserved 1048576K
GC Heap History (10 events):
Event: 8.927 GC heap after
Heap after GC invocations=13 (full 4):
 PSYoungGen      total 303104K, used 137408K [0x00000000d5a00000, 0x00000000f7500000, 0x0000000100000000)
  eden space 71680K, 0% used [0x00000000d5a00000,0x00000000d5a00000,0x00000000da000000)
  from space 231424K, 59% used [0x00000000da000000,0x00000000e2630000,0x00000000e8200000)
  to   space 231424K, 0% used [0x00000000e9300000,0x00000000e9300000,0x00000000f7500000)
 ParOldGen       total 738816K, used 564642K [0x0000000080e00000, 0x00000000adf80000, 0x00000000d5a00000)
  object space 738816K, 76% used [0x0000000080e00000,0x00000000a3568a90,0x00000000adf80000)
 Metaspace       used 7271K, capacity 7976K, committed 8320K, reserved 1056768K
  class space    used 930K, capacity 1035K, committed 1152K, reserved 1048576K
}
Event: 8.986 GC heap before
{Heap before GC invocations=14 (full 4):
 PSYoungGen      total 303104K, used 209088K [0x00000000d5a00000, 0x00000000f7500000, 0x0000000100000000)
  eden space 71680K, 100% used [0x00000000d5a00000,0x00000000da000000,0x00000000da000000)
  from space 231424K, 59% used [0x00000000da000000,0x00000000e2630000,0x00000000e8200000)
  to   space 231424K, 0% used [0x00000000e9300000,0x00000000e9300000,0x00000000f7500000)
 ParOldGen       total 738816K, used 564642K [0x0000000080e00000, 0x00000000adf80000, 0x00000000d5a00000)
  object space 738816K, 76% used [0x0000000080e00000,0x00000000a3568a90,0x00000000adf80000)
 Metaspace       used 7271K, capacity 7976K, committed 8320K, reserved 1056768K
  class space    used 930K, capacity 1035K, committed 1152K, reserved 1048576K
Event: 9.395 GC heap after
Heap after GC invocations=14 (full 4):
 PSYoungGen      total 320512K, used 143104K [0x00000000d5a00000, 0x00000000f7a00000, 0x0000000100000000)
  eden space 89088K, 0% used [0x00000000d5a00000,0x00000000d5a00000,0x00000000db100000)
  from space 231424K, 61% used [0x00000000e9300000,0x00000000f1ec0000,0x00000000f7500000)
  to   space 231424K, 0% used [0x00000000db100000,0x00000000db100000,0x00000000e9300000)
 ParOldGen       total 738816K, used 630898K [0x0000000080e00000, 0x00000000adf80000, 0x00000000d5a00000)
  object space 738816K, 85% used [0x0000000080e00000,0x00000000a761ca90,0x00000000adf80000)
 Metaspace       used 7271K, capacity 7976K, committed 8320K, reserved 1056768K
  class space    used 930K, capacity 1035K, committed 1152K, reserved 1048576K
}
Event: 9.395 GC heap before
{Heap before GC invocations=15 (full 5):
 PSYoungGen      total 320512K, used 143104K [0x00000000d5a00000, 0x00000000f7a00000, 0x0000000100000000)
  eden space 89088K, 0% used [0x00000000d5a00000,0x00000000d5a00000,0x00000000db100000)
  from space 231424K, 61% used [0x00000000e9300000,0x00000000f1ec0000,0x00000000f7500000)
  to   space 231424K, 0% used [0x00000000db100000,0x00000000db100000,0x00000000e9300000)
 ParOldGen       total 738816K, used 630898K [0x0000000080e00000, 0x00000000adf80000, 0x00000000d5a00000)
  object space 738816K, 85% used [0x0000000080e00000,0x00000000a761ca90,0x00000000adf80000)
 Metaspace       used 7271K, capacity 7976K, committed 8320K, reserved 1056768K
  class space    used 930K, capacity 1035K, committed 1152K, reserved 1048576K
Event: 13.589 GC heap after
Heap after GC invocations=15 (full 5):
 PSYoungGen      total 320512K, used 0K [0x00000000d5a00000, 0x00000000f7a00000, 0x0000000100000000)
  eden space 89088K, 0% used [0x00000000d5a00000,0x00000000d5a00000,0x00000000db100000)
  from space 231424K, 0% used [0x00000000e9300000,0x00000000e9300000,0x00000000f7500000)
  to   space 231424K, 0% used [0x00000000db100000,0x00000000db100000,0x00000000e9300000)
 ParOldGen       total 1052672K, used 692385K [0x0000000080e00000, 0x00000000c1200000, 0x00000000d5a00000)
  object space 1052672K, 65% used [0x0000000080e00000,0x00000000ab2286b8,0x00000000c1200000)
 Metaspace       used 7271K, capacity 7976K, committed 8320K, reserved 1056768K
  class space    used 930K, capacity 1035K, committed 1152K, reserved 1048576K
}
Event: 13.684 GC heap before
{Heap before GC invocations=16 (full 5):
 PSYoungGen      total 320512K, used 89088K [0x00000000d5a00000, 0x00000000f7a00000, 0x0000000100000000)
  eden space 89088K, 100% used [0x00000000d5a00000,0x00000000db100000,0x00000000db100000)
  from space 231424K, 0% used [0x00000000e9300000,0x00000000e9300000,0x00000000f7500000)
  to   space 231424K, 0% used [0x00000000db100000,0x00000000db100000,0x00000000e9300000)
 ParOldGen       total 1052672K, used 692385K [0x0000000080e00000, 0x00000000c1200000, 0x00000000d5a00000)
  object space 1052672K, 65% used [0x0000000080e00000,0x00000000ab2286b8,0x00000000c1200000)
 Metaspace       used 7271K, capacity 7976K, committed 8320K, reserved 1056768K
  class space    used 930K, capacity 1035K, committed 1152K, reserved 1048576K
Event: 13.943 GC heap after
Heap after GC invocations=16 (full 5):
 PSYoungGen      total 320512K, used 89216K [0x00000000d5a00000, 0x00000000f7e80000, 0x0000000100000000)
  eden space 89088K, 0% used [0x00000000d5a00000,0x00000000d5a00000,0x00000000db100000)
  from space 231424K, 38% used [0x00000000db100000,0x00000000e0820000,0x00000000e9300000)
  to   space 225280K, 0% used [0x00000000ea280000,0x00000000ea280000,0x00000000f7e80000)
 ParOldGen       total 1052672K, used 692385K [0x0000000080e00000, 0x00000000c1200000, 0x00000000d5a00000)
  object space 1052672K, 65% used [0x0000000080e00000,0x00000000ab2286b8,0x00000000c1200000)
 Metaspace       used 7271K, capacity 7976K, committed 8320K, reserved 1056768K
  class space    used 930K, capacity 1035K, committed 1152K, reserved 1048576K
}
Event: 14.115 GC heap before
{Heap before GC invocations=17 (full 5):
 PSYoungGen      total 320512K, used 178304K [0x00000000d5a00000, 0x00000000f7e80000, 0x0000000100000000)
  eden space 89088K, 100% used [0x00000000d5a00000,0x00000000db100000,0x00000000db100000)
  from space 231424K, 38% used [0x00000000db100000,0x00000000e0820000,0x00000000e9300000)
  to   space 225280K, 0% used [0x00000000ea280000,0x00000000ea280000,0x00000000f7e80000)
 ParOldGen       total 1052672K, used 874914K [0x0000000080e00000, 0x00000000c1200000, 0x00000000d5a00000)
  object space 1052672K, 83% used [0x0000000080e00000,0x00000000b6468a18,0x00000000c1200000)
 Metaspace       used 7271K, capacity 7976K, committed 8320K, reserved 1056768K
  class space    used 930K, capacity 1035K, committed 1152K, reserved 1048576K
Event: 14.704 GC heap after
Heap after GC invocations=17 (full 5):
 PSYoungGen      total 330240K, used 178432K [0x00000000d5a00000, 0x00000000f8f80000, 0x0000000100000000)
  eden space 104960K, 0% used [0x00000000d5a00000,0x00000000d5a00000,0x00000000dc080000)
  from space 225280K, 79% used [0x00000000ea280000,0x00000000f50c0000,0x00000000f7e80000)
  to   space 231424K, 0% used [0x00000000dc080000,0x00000000dc080000,0x00000000ea280000)
 ParOldGen       total 1052672K, used 874914K [0x0000000080e00000, 0x00000000c1200000, 0x00000000d5a00000)
  object space 1052672K, 83% used [0x0000000080e00000,0x00000000b6468a18,0x00000000c1200000)
 Metaspace       used 7271K, capacity 7976K, committed 8320K, reserved 1056768K
  class space    used 930K, capacity 1035K, committed 1152K, reserved 1048576K
}
Event: 14.788 GC heap before
{Heap before GC invocations=18 (full 5):
 PSYoungGen      total 330240K, used 283392K [0x00000000d5a00000, 0x00000000f8f80000, 0x0000000100000000)
  eden space 104960K, 100% used [0x00000000d5a00000,0x00000000dc080000,0x00000000dc080000)
  from space 225280K, 79% used [0x00000000ea280000,0x00000000f50c0000,0x00000000f7e80000)
  to   space 231424K, 0% used [0x00000000dc080000,0x00000000dc080000,0x00000000ea280000)
 ParOldGen       total 1052672K, used 874914K [0x0000000080e00000, 0x00000000c1200000, 0x00000000d5a00000)
  object space 1052672K, 83% used [0x0000000080e00000,0x00000000b6468a18,0x00000000c1200000)
 Metaspace       used 7271K, capacity 7976K, committed 8320K, reserved 1056768K
  class space    used 930K, capacity 1035K, committed 1152K, reserved 1048576K

